<?xml version="1.0" encoding="UTF-8"?>
<!-- Generated by org.testng.reporters.JUnitReportReporter -->
<testsuite skipped="0" hostname="DESKTOP-ESONBTR" name="com.rmg.projecttest.Projecttest" tests="1" failures="0" timestamp="5 Apr 2021 11:21:37 GMT" time="2.087" errors="0">
  <testcase name="getprojects" time="2.087" classname="com.rmg.projecttest.Projecttest"/>
</testsuite> <!-- com.rmg.projecttest.Projecttest -->
