<?xml version="1.0" encoding="UTF-8"?>
<!-- Generated by org.testng.reporters.JUnitReportReporter -->
<testsuite skipped="0" hostname="DESKTOP-ESONBTR" name="com.rmg.projecttest.CreateProject" tests="1" failures="0" timestamp="6 Apr 2021 05:06:33 GMT" time="4.149" errors="0">
  <testcase name="postproject" time="4.149" classname="com.rmg.projecttest.CreateProject"/>
</testsuite> <!-- com.rmg.projecttest.CreateProject -->
