<?xml version="1.0" encoding="UTF-8"?>
<!-- Generated by org.testng.reporters.JUnitReportReporter -->
<testsuite skipped="0" hostname="DESKTOP-ESONBTR" name="com.rmg.projecttest.Createprojectusingpojoclass" tests="1" failures="0" timestamp="6 Apr 2021 04:48:15 GMT" time="2.328" errors="0">
  <testcase name="createprojecttest" time="2.328" classname="com.rmg.projecttest.Createprojectusingpojoclass"/>
</testsuite> <!-- com.rmg.projecttest.Createprojectusingpojoclass -->
