<?xml version="1.0" encoding="UTF-8"?>
<!-- Generated by org.testng.reporters.JUnitReportReporter -->
<testsuite skipped="0" hostname="DESKTOP-ESONBTR" name="apiwithbdd.VerifycreatedBydynamicresponce" tests="1" failures="0" timestamp="6 Apr 2021 11:51:48 GMT" time="1.976" errors="0">
  <testcase name="verifycreatedBy" time="1.976" classname="apiwithbdd.VerifycreatedBydynamicresponce"/>
</testsuite> <!-- apiwithbdd.VerifycreatedBydynamicresponce -->
