<?xml version="1.0" encoding="UTF-8"?>
<!-- Generated by org.testng.reporters.JUnitReportReporter -->
<testsuite skipped="0" hostname="DESKTOP-ESONBTR" name="com.rmg.projecttest.GetAllProject" tests="2" failures="0" timestamp="6 Apr 2021 05:41:17 GMT" time="1.874" errors="0">
  <testcase name="getProjectbypathparameter" time="1.826" classname="com.rmg.projecttest.GetAllProject"/>
  <testcase name="getproject" time="0.048" classname="com.rmg.projecttest.GetAllProject"/>
</testsuite> <!-- com.rmg.projecttest.GetAllProject -->
