<?xml version="1.0" encoding="UTF-8"?>
<!-- Generated by org.testng.reporters.JUnitReportReporter -->
<testsuite skipped="0" hostname="DESKTOP-ESONBTR" name="com.rmg.apitest.CreateProject" tests="1" failures="0" timestamp="6 Apr 2021 06:20:56 GMT" time="2.135" errors="0">
  <testcase name="createProject" time="2.135" classname="com.rmg.apitest.CreateProject"/>
</testsuite> <!-- com.rmg.apitest.CreateProject -->
