<?xml version="1.0" encoding="UTF-8"?>
<!-- Generated by org.testng.reporters.JUnitReportReporter -->
<testsuite skipped="0" hostname="DESKTOP-ESONBTR" name="apiwithbdd.VerifyCreatedBystaticresponce" tests="1" failures="0" timestamp="6 Apr 2021 11:23:37 GMT" time="2.140" errors="0">
  <testcase name="verifycreatedbystaticresponce" time="2.140" classname="apiwithbdd.VerifyCreatedBystaticresponce"/>
</testsuite> <!-- apiwithbdd.VerifyCreatedBystaticresponce -->
