<?xml version="1.0" encoding="UTF-8"?>
<!-- Generated by org.testng.reporters.JUnitReportReporter -->
<testsuite skipped="0" hostname="DESKTOP-ESONBTR" name="apiwithbdd.CreateProject_withbdd" tests="1" failures="0" timestamp="6 Apr 2021 09:53:48 GMT" time="2.068" errors="0">
  <testcase name="Createproject" time="2.068" classname="apiwithbdd.CreateProject_withbdd"/>
</testsuite> <!-- apiwithbdd.CreateProject_withbdd -->
