<?xml version="1.0" encoding="UTF-8"?>
<!-- Generated by org.testng.reporters.JUnitReportReporter -->
<testsuite skipped="0" hostname="DESKTOP-ESONBTR" name="apiwithbdd.Updateproject" tests="1" failures="0" timestamp="6 Apr 2021 10:15:36 GMT" time="2.029" errors="0">
  <testcase name="updateproj" time="2.029" classname="apiwithbdd.Updateproject"/>
</testsuite> <!-- apiwithbdd.Updateproject -->
