<?xml version="1.0" encoding="UTF-8"?>
<!-- Generated by org.testng.reporters.JUnitReportReporter -->
<testsuite skipped="0" hostname="DESKTOP-ESONBTR" name="apiwithbdd.VerifyCreatedBy" tests="1" failures="0" timestamp="6 Apr 2021 11:16:05 GMT" time="2.178" errors="0">
  <testcase name="verifycreatedbystaticresponce" time="2.178" classname="apiwithbdd.VerifyCreatedBy"/>
</testsuite> <!-- apiwithbdd.VerifyCreatedBy -->
