<?xml version="1.0" encoding="UTF-8"?>
<!-- Generated by org.testng.reporters.JUnitReportReporter -->
<testsuite skipped="0" hostname="DESKTOP-ESONBTR" name="com.rmg.projecttest.CreateprojectusingJsonfile" tests="1" failures="0" timestamp="5 Apr 2021 12:50:40 GMT" time="1.661" errors="0">
  <testcase name="createprojusingjsonfiletest" time="1.661" classname="com.rmg.projecttest.CreateprojectusingJsonfile"/>
</testsuite> <!-- com.rmg.projecttest.CreateprojectusingJsonfile -->
