<?xml version="1.0" encoding="UTF-8"?>
<!-- Generated by org.testng.reporters.JUnitReportReporter -->
<testsuite skipped="0" hostname="DESKTOP-ESONBTR" name="apiwithbdd.DeleteProject" tests="1" failures="0" timestamp="6 Apr 2021 10:22:24 GMT" time="1.639" errors="0">
  <testcase name="deleteproj" time="1.639" classname="apiwithbdd.DeleteProject"/>
</testsuite> <!-- apiwithbdd.DeleteProject -->
