<?xml version="1.0" encoding="UTF-8"?>
<!-- Generated by org.testng.reporters.JUnitReportReporter -->
<testsuite skipped="0" hostname="DESKTOP-ESONBTR" name="apiwithbdd.Getallproject" tests="1" failures="0" timestamp="6 Apr 2021 09:58:45 GMT" time="1.714" errors="0">
  <testcase name="getallprojects" time="1.714" classname="apiwithbdd.Getallproject"/>
</testsuite> <!-- apiwithbdd.Getallproject -->
