<?xml version="1.0" encoding="UTF-8"?>
<!-- Generated by org.testng.reporters.JUnitReportReporter -->
<testsuite skipped="0" hostname="DESKTOP-ESONBTR" name="com.rmg.projecttest.CRUDoperation" tests="5" failures="0" timestamp="6 Apr 2021 05:25:25 GMT" time="2.307" errors="0">
  <testcase name="updateoperation" time="0.041" classname="com.rmg.projecttest.CRUDoperation"/>
  <testcase name="getoperationwithId" time="0.085" classname="com.rmg.projecttest.CRUDoperation"/>
  <testcase name="deleteoperation" time="0.094" classname="com.rmg.projecttest.CRUDoperation"/>
  <testcase name="createtest" time="2.009" classname="com.rmg.projecttest.CRUDoperation"/>
  <testcase name="getoperation" time="0.078" classname="com.rmg.projecttest.CRUDoperation"/>
</testsuite> <!-- com.rmg.projecttest.CRUDoperation -->
